0 info it worked if it ends with ok
1 verbose cli [ '/usr/local/bin/node', '/usr/local/bin/npm', 'run', 'lint' ]
2 info using npm@3.10.9
3 info using node@v6.9.2
4 verbose run-script [ 'prelint', 'lint', 'postlint' ]
5 info lifecycle utn_workshop@0.0.0~prelint: utn_workshop@0.0.0
6 silly lifecycle utn_workshop@0.0.0~prelint: no script for prelint, continuing
7 info lifecycle utn_workshop@0.0.0~lint: utn_workshop@0.0.0
8 verbose lifecycle utn_workshop@0.0.0~lint: unsafe-perm in lifecycle true
9 verbose lifecycle utn_workshop@0.0.0~lint: PATH: /usr/local/lib/node_modules/npm/bin/node-gyp-bin:/Users/storres/repos/utnworkshop/node_modules/.bin:/usr/local/bin:/usr/bin:/bin:/usr/sbin:/sbin:/opt/X11/bin:/Library/TeX/texbin:/Users/storres/repos/staging/other/commandline:/Users/storres/repos/multitasking/bin:/Users/storres/Documents/WebDrivers:/Users/storres/repos/staging/other/commandline:/Users/storres/repos/multitasking/bin:/Users/storres/Documents/WebDrivers
10 verbose lifecycle utn_workshop@0.0.0~lint: CWD: /Users/storres/repos/utnworkshop
11 silly lifecycle utn_workshop@0.0.0~lint: Args: [ '-c', 'eslint src/**/*.jsx' ]
12 silly lifecycle utn_workshop@0.0.0~lint: Returned: code: 1  signal: null
13 info lifecycle utn_workshop@0.0.0~lint: Failed to exec lint script
14 verbose stack Error: utn_workshop@0.0.0 lint: `eslint src/**/*.jsx`
14 verbose stack Exit status 1
14 verbose stack     at EventEmitter.<anonymous> (/usr/local/lib/node_modules/npm/lib/utils/lifecycle.js:255:16)
14 verbose stack     at emitTwo (events.js:106:13)
14 verbose stack     at EventEmitter.emit (events.js:191:7)
14 verbose stack     at ChildProcess.<anonymous> (/usr/local/lib/node_modules/npm/lib/utils/spawn.js:40:14)
14 verbose stack     at emitTwo (events.js:106:13)
14 verbose stack     at ChildProcess.emit (events.js:191:7)
14 verbose stack     at maybeClose (internal/child_process.js:877:16)
14 verbose stack     at Process.ChildProcess._handle.onexit (internal/child_process.js:226:5)
15 verbose pkgid utn_workshop@0.0.0
16 verbose cwd /Users/storres/repos/utnworkshop
17 error Darwin 16.6.0
18 error argv "/usr/local/bin/node" "/usr/local/bin/npm" "run" "lint"
19 error node v6.9.2
20 error npm  v3.10.9
21 error code ELIFECYCLE
22 error utn_workshop@0.0.0 lint: `eslint src/**/*.jsx`
22 error Exit status 1
23 error Failed at the utn_workshop@0.0.0 lint script 'eslint src/**/*.jsx'.
23 error Make sure you have the latest version of node.js and npm installed.
23 error If you do, this is most likely a problem with the utn_workshop package,
23 error not with npm itself.
23 error Tell the author that this fails on your system:
23 error     eslint src/**/*.jsx
23 error You can get information on how to open an issue for this project with:
23 error     npm bugs utn_workshop
23 error Or if that isn't available, you can get their info via:
23 error     npm owner ls utn_workshop
23 error There is likely additional logging output above.
24 verbose exit [ 1, true ]
